Analysis & Synthesis report for TopModule
Fri Mar 05 18:06:33 2021
Quartus Prime Version 20.1.1 Build 720 11/11/2020 SJ Lite Edition


---------------------
; Table of Contents ;
---------------------
  1. Legal Notice
  2. Analysis & Synthesis Summary
  3. Analysis & Synthesis Settings
  4. Parallel Compilation
  5. Analysis & Synthesis Source Files Read
  6. Analysis & Synthesis Resource Usage Summary
  7. Analysis & Synthesis Resource Utilization by Entity
  8. Registers Removed During Synthesis
  9. Removed Registers Triggering Further Register Optimizations
 10. General Register Statistics
 11. Port Connectivity Checks: "PeriodCounter:TCounter"
 12. Post-Synthesis Netlist Statistics for Top Partition
 13. Elapsed Time Per Partition
 14. Analysis & Synthesis Messages
 15. Analysis & Synthesis Suppressed Messages



----------------
; Legal Notice ;
----------------
Copyright (C) 2020  Intel Corporation. All rights reserved.
Your use of Intel Corporation's design tools, logic functions 
and other software and tools, and any partner logic 
functions, and any output files from any of the foregoing 
(including device programming or simulation files), and any 
associated documentation or information are expressly subject 
to the terms and conditions of the Intel Program License 
Subscription Agreement, the Intel Quartus Prime License Agreement,
the Intel FPGA IP License Agreement, or other applicable license
agreement, including, without limitation, that your use is for
the sole purpose of programming logic devices manufactured by
Intel and sold by Intel or its authorized distributors.  Please
refer to the applicable agreement for further details, at
https://fpgasoftware.intel.com/eula.



+----------------------------------------------------------------------------------+
; Analysis & Synthesis Summary                                                     ;
+------------------------------------+---------------------------------------------+
; Analysis & Synthesis Status        ; Successful - Fri Mar 05 18:06:33 2021       ;
; Quartus Prime Version              ; 20.1.1 Build 720 11/11/2020 SJ Lite Edition ;
; Revision Name                      ; TopModule                                   ;
; Top-level Entity Name              ; TopModule                                   ;
; Family                             ; MAX 10                                      ;
; Total logic elements               ; 0                                           ;
;     Total combinational functions  ; 0                                           ;
;     Dedicated logic registers      ; 0                                           ;
; Total registers                    ; 0                                           ;
; Total pins                         ; 7                                           ;
; Total virtual pins                 ; 0                                           ;
; Total memory bits                  ; 0                                           ;
; Embedded Multiplier 9-bit elements ; 0                                           ;
; Total PLLs                         ; 0                                           ;
; UFM blocks                         ; 0                                           ;
; ADC blocks                         ; 0                                           ;
+------------------------------------+---------------------------------------------+


+------------------------------------------------------------------------------------------------------------+
; Analysis & Synthesis Settings                                                                              ;
+------------------------------------------------------------------+--------------------+--------------------+
; Option                                                           ; Setting            ; Default Value      ;
+------------------------------------------------------------------+--------------------+--------------------+
; Device                                                           ; 10M50DAF484C7G     ;                    ;
; Top-level entity name                                            ; TopModule          ; TopModule          ;
; Family name                                                      ; MAX 10             ; Cyclone V          ;
; Use smart compilation                                            ; Off                ; Off                ;
; Enable parallel Assembler and Timing Analyzer during compilation ; On                 ; On                 ;
; Enable compact report table                                      ; Off                ; Off                ;
; Restructure Multiplexers                                         ; Auto               ; Auto               ;
; Create Debugging Nodes for IP Cores                              ; Off                ; Off                ;
; Preserve fewer node names                                        ; On                 ; On                 ;
; Intel FPGA IP Evaluation Mode                                    ; Enable             ; Enable             ;
; Verilog Version                                                  ; Verilog_2001       ; Verilog_2001       ;
; VHDL Version                                                     ; VHDL_1993          ; VHDL_1993          ;
; State Machine Processing                                         ; Auto               ; Auto               ;
; Safe State Machine                                               ; Off                ; Off                ;
; Extract Verilog State Machines                                   ; On                 ; On                 ;
; Extract VHDL State Machines                                      ; On                 ; On                 ;
; Ignore Verilog initial constructs                                ; Off                ; Off                ;
; Iteration limit for constant Verilog loops                       ; 5000               ; 5000               ;
; Iteration limit for non-constant Verilog loops                   ; 250                ; 250                ;
; Add Pass-Through Logic to Inferred RAMs                          ; On                 ; On                 ;
; Infer RAMs from Raw Logic                                        ; On                 ; On                 ;
; Parallel Synthesis                                               ; On                 ; On                 ;
; DSP Block Balancing                                              ; Auto               ; Auto               ;
; NOT Gate Push-Back                                               ; On                 ; On                 ;
; Power-Up Don't Care                                              ; On                 ; On                 ;
; Remove Redundant Logic Cells                                     ; Off                ; Off                ;
; Remove Duplicate Registers                                       ; On                 ; On                 ;
; Ignore CARRY Buffers                                             ; Off                ; Off                ;
; Ignore CASCADE Buffers                                           ; Off                ; Off                ;
; Ignore GLOBAL Buffers                                            ; Off                ; Off                ;
; Ignore ROW GLOBAL Buffers                                        ; Off                ; Off                ;
; Ignore LCELL Buffers                                             ; Off                ; Off                ;
; Ignore SOFT Buffers                                              ; On                 ; On                 ;
; Limit AHDL Integers to 32 Bits                                   ; Off                ; Off                ;
; Optimization Technique                                           ; Balanced           ; Balanced           ;
; Carry Chain Length                                               ; 70                 ; 70                 ;
; Auto Carry Chains                                                ; On                 ; On                 ;
; Auto Open-Drain Pins                                             ; On                 ; On                 ;
; Perform WYSIWYG Primitive Resynthesis                            ; Off                ; Off                ;
; Auto ROM Replacement                                             ; On                 ; On                 ;
; Auto RAM Replacement                                             ; On                 ; On                 ;
; Auto DSP Block Replacement                                       ; On                 ; On                 ;
; Auto Shift Register Replacement                                  ; Auto               ; Auto               ;
; Allow Shift Register Merging across Hierarchies                  ; Auto               ; Auto               ;
; Auto Clock Enable Replacement                                    ; On                 ; On                 ;
; Strict RAM Replacement                                           ; Off                ; Off                ;
; Allow Synchronous Control Signals                                ; On                 ; On                 ;
; Force Use of Synchronous Clear Signals                           ; Off                ; Off                ;
; Auto RAM Block Balancing                                         ; On                 ; On                 ;
; Auto RAM to Logic Cell Conversion                                ; Off                ; Off                ;
; Auto Resource Sharing                                            ; Off                ; Off                ;
; Allow Any RAM Size For Recognition                               ; Off                ; Off                ;
; Allow Any ROM Size For Recognition                               ; Off                ; Off                ;
; Allow Any Shift Register Size For Recognition                    ; Off                ; Off                ;
; Use LogicLock Constraints during Resource Balancing              ; On                 ; On                 ;
; Ignore translate_off and synthesis_off directives                ; Off                ; Off                ;
; Timing-Driven Synthesis                                          ; On                 ; On                 ;
; Report Parameter Settings                                        ; On                 ; On                 ;
; Report Source Assignments                                        ; On                 ; On                 ;
; Report Connectivity Checks                                       ; On                 ; On                 ;
; Ignore Maximum Fan-Out Assignments                               ; Off                ; Off                ;
; Synchronization Register Chain Length                            ; 2                  ; 2                  ;
; Power Optimization During Synthesis                              ; Normal compilation ; Normal compilation ;
; HDL message level                                                ; Level2             ; Level2             ;
; Suppress Register Optimization Related Messages                  ; Off                ; Off                ;
; Number of Removed Registers Reported in Synthesis Report         ; 5000               ; 5000               ;
; Number of Swept Nodes Reported in Synthesis Report               ; 5000               ; 5000               ;
; Number of Inverted Registers Reported in Synthesis Report        ; 100                ; 100                ;
; Clock MUX Protection                                             ; On                 ; On                 ;
; Auto Gated Clock Conversion                                      ; Off                ; Off                ;
; Block Design Naming                                              ; Auto               ; Auto               ;
; SDC constraint protection                                        ; Off                ; Off                ;
; Synthesis Effort                                                 ; Auto               ; Auto               ;
; Shift Register Replacement - Allow Asynchronous Clear Signal     ; On                 ; On                 ;
; Pre-Mapping Resynthesis Optimization                             ; Off                ; Off                ;
; Analysis & Synthesis Message Level                               ; Medium             ; Medium             ;
; Disable Register Merging Across Hierarchies                      ; Auto               ; Auto               ;
; Resource Aware Inference For Block RAM                           ; On                 ; On                 ;
+------------------------------------------------------------------+--------------------+--------------------+


+------------------------------------------+
; Parallel Compilation                     ;
+----------------------------+-------------+
; Processors                 ; Number      ;
+----------------------------+-------------+
; Number detected on machine ; 4           ;
; Maximum allowed            ; 4           ;
;                            ;             ;
; Average used               ; 1.00        ;
; Maximum used               ; 1           ;
;                            ;             ;
; Usage by Processor         ; % Time Used ;
;     Processor 1            ; 100.0%      ;
+----------------------------+-------------+


+--------------------------------------------------------------------------------------------------------------------------------------+
; Analysis & Synthesis Source Files Read                                                                                               ;
+----------------------------------+-----------------+------------------------+----------------------------------------------+---------+
; File Name with User-Entered Path ; Used in Netlist ; File Type              ; File Name with Absolute Path                 ; Library ;
+----------------------------------+-----------------+------------------------+----------------------------------------------+---------+
; TopModule.v                      ; yes             ; User Verilog HDL File  ; D:/Quartus/intelFPGA_lite/p4/TopModule.v     ;         ;
; Debouncing.v                     ; yes             ; User Verilog HDL File  ; D:/Quartus/intelFPGA_lite/p4/Debouncing.v    ;         ;
; DivF.v                           ; yes             ; User Verilog HDL File  ; D:/Quartus/intelFPGA_lite/p4/DivF.v          ;         ;
; PeriodCounter.v                  ; yes             ; User Verilog HDL File  ; D:/Quartus/intelFPGA_lite/p4/PeriodCounter.v ;         ;
+----------------------------------+-----------------+------------------------+----------------------------------------------+---------+


+-----------------------------------------------------+
; Analysis & Synthesis Resource Usage Summary         ;
+---------------------------------------------+-------+
; Resource                                    ; Usage ;
+---------------------------------------------+-------+
;                                             ;       ;
; Total combinational functions               ; 0     ;
; Logic element usage by number of LUT inputs ;       ;
;     -- 4 input functions                    ; 0     ;
;     -- 3 input functions                    ; 0     ;
;     -- <=2 input functions                  ; 0     ;
;                                             ;       ;
; Logic elements by mode                      ;       ;
;     -- normal mode                          ; 0     ;
;     -- arithmetic mode                      ; 0     ;
;                                             ;       ;
; Total registers                             ; 0     ;
;     -- Dedicated logic registers            ; 0     ;
;     -- I/O registers                        ; 0     ;
;                                             ;       ;
; I/O pins                                    ; 7     ;
;                                             ;       ;
; Embedded Multiplier 9-bit elements          ; 0     ;
;                                             ;       ;
; Maximum fan-out node                        ; iClk  ;
; Maximum fan-out                             ; 1     ;
; Total fan-out                               ; 7     ;
; Average fan-out                             ; 0.50  ;
+---------------------------------------------+-------+


+------------------------------------------------------------------------------------------------------------------------------------------------------------------------------------------------------------------------------------+
; Analysis & Synthesis Resource Utilization by Entity                                                                                                                                                                                ;
+----------------------------+---------------------+---------------------------+-------------+------------+--------------+---------+-----------+------+--------------+------------+---------------------+-------------+--------------+
; Compilation Hierarchy Node ; Combinational ALUTs ; Dedicated Logic Registers ; Memory Bits ; UFM Blocks ; DSP Elements ; DSP 9x9 ; DSP 18x18 ; Pins ; Virtual Pins ; ADC blocks ; Full Hierarchy Name ; Entity Name ; Library Name ;
+----------------------------+---------------------+---------------------------+-------------+------------+--------------+---------+-----------+------+--------------+------------+---------------------+-------------+--------------+
; |TopModule                 ; 0 (0)               ; 0 (0)                     ; 0           ; 0          ; 0            ; 0       ; 0         ; 7    ; 0            ; 0          ; |TopModule          ; TopModule   ; work         ;
+----------------------------+---------------------+---------------------------+-------------+------------+--------------+---------+-----------+------+--------------+------------+---------------------+-------------+--------------+
Note: For table entries with two numbers listed, the numbers in parentheses indicate the number of resources of the given type used by the specific entity alone. The numbers listed outside of parentheses indicate the total resources of the given type used by the specific entity and all of its sub-entities in the hierarchy.


+-------------------------------------------------------------------------------------------+
; Registers Removed During Synthesis                                                        ;
+---------------------------------------------+---------------------------------------------+
; Register name                               ; Reason for Removal                          ;
+---------------------------------------------+---------------------------------------------+
; PeriodCounter:TCounter|rCount_D[1]          ; Stuck at GND due to stuck port data_in      ;
; PeriodCounter:TCounter|rCount_D[0]          ; Stuck at VCC due to stuck port data_in      ;
; PeriodCounter:TCounter|rCount_D[2,3]        ; Stuck at GND due to stuck port data_in      ;
; Debouncing:Debouncing_Module|Count_D[1,2]   ; Stuck at GND due to stuck port data_in      ;
; PeriodCounter:TCounter|rSignal_D[0]         ; Stuck at GND due to stuck port clock_enable ;
; Debouncing:Debouncing_Module|rSignal_D[2,3] ; Stuck at GND due to stuck port clock_enable ;
; Debouncing:Debouncing_Module|rSignal_Q[2,3] ; Stuck at GND due to stuck port data_in      ;
; Debouncing:Debouncing_Module|rState_Q       ; Stuck at GND due to stuck port data_in      ;
; PeriodCounter:TCounter|rSignal_D[1]         ; Stuck at GND due to stuck port data_in      ;
; PeriodCounter:TCounter|rCycles_Q[0..13]     ; Stuck at GND due to stuck port data_in      ;
; Total Number of Removed Registers = 27      ;                                             ;
+---------------------------------------------+---------------------------------------------+


+--------------------------------------------------------------------------------------------------------------------------------------------------------+
; Removed Registers Triggering Further Register Optimizations                                                                                            ;
+-----------------------------------------+---------------------------+----------------------------------------------------------------------------------+
; Register name                           ; Reason for Removal        ; Registers Removed due to This Register                                           ;
+-----------------------------------------+---------------------------+----------------------------------------------------------------------------------+
; PeriodCounter:TCounter|rCount_D[1]      ; Stuck at GND              ; PeriodCounter:TCounter|rSignal_D[0], PeriodCounter:TCounter|rSignal_D[1],        ;
;                                         ; due to stuck port data_in ; PeriodCounter:TCounter|rCycles_Q[0], PeriodCounter:TCounter|rCycles_Q[1],        ;
;                                         ;                           ; PeriodCounter:TCounter|rCycles_Q[2], PeriodCounter:TCounter|rCycles_Q[3],        ;
;                                         ;                           ; PeriodCounter:TCounter|rCycles_Q[4], PeriodCounter:TCounter|rCycles_Q[5],        ;
;                                         ;                           ; PeriodCounter:TCounter|rCycles_Q[6], PeriodCounter:TCounter|rCycles_Q[7],        ;
;                                         ;                           ; PeriodCounter:TCounter|rCycles_Q[8], PeriodCounter:TCounter|rCycles_Q[9],        ;
;                                         ;                           ; PeriodCounter:TCounter|rCycles_Q[10], PeriodCounter:TCounter|rCycles_Q[11],      ;
;                                         ;                           ; PeriodCounter:TCounter|rCycles_Q[12], PeriodCounter:TCounter|rCycles_Q[13]       ;
; Debouncing:Debouncing_Module|Count_D[2] ; Stuck at GND              ; Debouncing:Debouncing_Module|rSignal_D[2],                                       ;
;                                         ; due to stuck port data_in ; Debouncing:Debouncing_Module|rSignal_D[3],                                       ;
;                                         ;                           ; Debouncing:Debouncing_Module|rSignal_Q[3],                                       ;
;                                         ;                           ; Debouncing:Debouncing_Module|rSignal_Q[2], Debouncing:Debouncing_Module|rState_Q ;
+-----------------------------------------+---------------------------+----------------------------------------------------------------------------------+


+------------------------------------------------------+
; General Register Statistics                          ;
+----------------------------------------------+-------+
; Statistic                                    ; Value ;
+----------------------------------------------+-------+
; Total registers                              ; 0     ;
; Number of registers using Synchronous Clear  ; 0     ;
; Number of registers using Synchronous Load   ; 0     ;
; Number of registers using Asynchronous Clear ; 0     ;
; Number of registers using Asynchronous Load  ; 0     ;
; Number of registers using Clock Enable       ; 0     ;
; Number of registers using Preset             ; 0     ;
+----------------------------------------------+-------+


+------------------------------------------------------------------------------------------------------------------------------------------------------------+
; Port Connectivity Checks: "PeriodCounter:TCounter"                                                                                                         ;
+---------+--------+----------+------------------------------------------------------------------------------------------------------------------------------+
; Port    ; Type   ; Severity ; Details                                                                                                                      ;
+---------+--------+----------+------------------------------------------------------------------------------------------------------------------------------+
; oCycles ; Output ; Warning  ; Output or bidir port (14 bits) is wider than the port expression (4 bits) it drives; bit(s) "oCycles[13..4]" have no fanouts ;
+---------+--------+----------+------------------------------------------------------------------------------------------------------------------------------+


+-----------------------------------------------------+
; Post-Synthesis Netlist Statistics for Top Partition ;
+-----------------------+-----------------------------+
; Type                  ; Count                       ;
+-----------------------+-----------------------------+
; boundary_port         ; 7                           ;
; cycloneiii_lcell_comb ; 1                           ;
;     normal            ; 1                           ;
;         0 data inputs ; 1                           ;
;                       ;                             ;
; Max LUT depth         ; 0.00                        ;
; Average LUT depth     ; 0.00                        ;
+-----------------------+-----------------------------+


+-------------------------------+
; Elapsed Time Per Partition    ;
+----------------+--------------+
; Partition Name ; Elapsed Time ;
+----------------+--------------+
; Top            ; 00:00:00     ;
+----------------+--------------+


+-------------------------------+
; Analysis & Synthesis Messages ;
+-------------------------------+
Info: *******************************************************************
Info: Running Quartus Prime Analysis & Synthesis
    Info: Version 20.1.1 Build 720 11/11/2020 SJ Lite Edition
    Info: Processing started: Fri Mar 05 18:06:22 2021
Info: Command: quartus_map --read_settings_files=on --write_settings_files=off TopModule -c TopModule
Warning (18236): Number of processors has not been specified which may cause overloading on shared machines.  Set the global assignment NUM_PARALLEL_PROCESSORS in your QSF to an appropriate value for best performance.
Info (20030): Parallel compilation is enabled and will use 4 of the 4 processors detected
Info (12021): Found 1 design units, including 1 entities, in source file topmodule.v
    Info (12023): Found entity 1: TopModule File: D:/Quartus/intelFPGA_lite/p4/TopModule.v Line: 1
Warning (12019): Can't analyze file -- file FrencuencyCounter.v is missing
Info (12021): Found 1 design units, including 1 entities, in source file bitshift.v
    Info (12023): Found entity 1: BitShift File: D:/Quartus/intelFPGA_lite/p4/BitShift.v Line: 1
Info (12021): Found 1 design units, including 1 entities, in source file debouncing.v
    Info (12023): Found entity 1: Debouncing File: D:/Quartus/intelFPGA_lite/p4/Debouncing.v Line: 1
Info (12021): Found 1 design units, including 1 entities, in source file divf.v
    Info (12023): Found entity 1: DivF File: D:/Quartus/intelFPGA_lite/p4/DivF.v Line: 1
Warning (12019): Can't analyze file -- file Verilog6.v is missing
Info (12021): Found 1 design units, including 1 entities, in source file decodificador.v
    Info (12023): Found entity 1: Decodificador File: D:/Quartus/intelFPGA_lite/p4/Decodificador.v Line: 1
Info (12021): Found 1 design units, including 1 entities, in source file bcd.v
    Info (12023): Found entity 1: BCD File: D:/Quartus/intelFPGA_lite/p4/BCD.v Line: 1
Info (12021): Found 1 design units, including 1 entities, in source file topmodule_tb.v
    Info (12023): Found entity 1: TopModule_tb File: D:/Quartus/intelFPGA_lite/p4/TopModule_tb.v Line: 1
Info (12021): Found 1 design units, including 1 entities, in source file periodcounter.v
    Info (12023): Found entity 1: PeriodCounter File: D:/Quartus/intelFPGA_lite/p4/PeriodCounter.v Line: 1
Info (12127): Elaborating entity "TopModule" for the top level hierarchy
Info (12128): Elaborating entity "Debouncing" for hierarchy "Debouncing:Debouncing_Module" File: D:/Quartus/intelFPGA_lite/p4/TopModule.v Line: 25
Warning (10230): Verilog HDL assignment warning at Debouncing.v(13): truncated value with size 4 to match size of target (3) File: D:/Quartus/intelFPGA_lite/p4/Debouncing.v Line: 13
Warning (10230): Verilog HDL assignment warning at Debouncing.v(14): truncated value with size 4 to match size of target (3) File: D:/Quartus/intelFPGA_lite/p4/Debouncing.v Line: 14
Warning (10230): Verilog HDL assignment warning at Debouncing.v(28): truncated value with size 4 to match size of target (3) File: D:/Quartus/intelFPGA_lite/p4/Debouncing.v Line: 28
Warning (10230): Verilog HDL assignment warning at Debouncing.v(30): truncated value with size 4 to match size of target (3) File: D:/Quartus/intelFPGA_lite/p4/Debouncing.v Line: 30
Info (12128): Elaborating entity "DivF" for hierarchy "DivF:FrecDiv" File: D:/Quartus/intelFPGA_lite/p4/TopModule.v Line: 31
Info (12128): Elaborating entity "PeriodCounter" for hierarchy "PeriodCounter:TCounter" File: D:/Quartus/intelFPGA_lite/p4/TopModule.v Line: 38
Warning (10036): Verilog HDL or VHDL warning at PeriodCounter.v(12): object "rSignal_Q" assigned a value but never read File: D:/Quartus/intelFPGA_lite/p4/PeriodCounter.v Line: 12
Warning (10858): Verilog HDL warning at PeriodCounter.v(15): object rCount_Q used but never assigned File: D:/Quartus/intelFPGA_lite/p4/PeriodCounter.v Line: 15
Warning (10030): Net "rCount_Q" at PeriodCounter.v(15) has no driver or initial value, using a default initial value '0' File: D:/Quartus/intelFPGA_lite/p4/PeriodCounter.v Line: 15
Warning (12241): 1 hierarchies have connectivity warnings - see the Connectivity Checks report folder
Warning (13024): Output pins are stuck at VCC or GND
    Warning (13410): Pin "oUnidades[0]" is stuck at GND File: D:/Quartus/intelFPGA_lite/p4/TopModule.v Line: 10
    Warning (13410): Pin "oUnidades[1]" is stuck at GND File: D:/Quartus/intelFPGA_lite/p4/TopModule.v Line: 10
    Warning (13410): Pin "oUnidades[2]" is stuck at GND File: D:/Quartus/intelFPGA_lite/p4/TopModule.v Line: 10
    Warning (13410): Pin "oUnidades[3]" is stuck at GND File: D:/Quartus/intelFPGA_lite/p4/TopModule.v Line: 10
Info (144001): Generated suppressed messages file D:/Quartus/intelFPGA_lite/p4/output_files/TopModule.map.smsg
Info (16010): Generating hard_block partition "hard_block:auto_generated_inst"
    Info (16011): Adding 0 node(s), including 0 DDIO, 0 PLL, 0 transceiver and 0 LCELL
Warning (21074): Design contains 3 input pin(s) that do not drive logic
    Warning (15610): No output dependent on input pin "iClk" File: D:/Quartus/intelFPGA_lite/p4/TopModule.v Line: 2
    Warning (15610): No output dependent on input pin "iSignal" File: D:/Quartus/intelFPGA_lite/p4/TopModule.v Line: 3
    Warning (15610): No output dependent on input pin "iRst" File: D:/Quartus/intelFPGA_lite/p4/TopModule.v Line: 4
Info (21057): Implemented 7 device resources after synthesis - the final resource count might be different
    Info (21058): Implemented 3 input pins
    Info (21059): Implemented 4 output pins
Info: Quartus Prime Analysis & Synthesis was successful. 0 errors, 20 warnings
    Info: Peak virtual memory: 4730 megabytes
    Info: Processing ended: Fri Mar 05 18:06:33 2021
    Info: Elapsed time: 00:00:11
    Info: Total CPU time (on all processors): 00:00:20


+------------------------------------------+
; Analysis & Synthesis Suppressed Messages ;
+------------------------------------------+
The suppressed messages can be found in D:/Quartus/intelFPGA_lite/p4/output_files/TopModule.map.smsg.


